{"remoteJid":"6285647904479@s.whatsapp.net","id":"A5B6961E92C2412FDFF4EBAE36C9097B","timestamp":1760243292}
{"remoteJid":"6285836882091@s.whatsapp.net","id":"A53B0520529404E06A169A9449FB8C67","timestamp":1760244060}
{"remoteJid":"6285836882091@s.whatsapp.net","id":"A582E37457AFAB7ECFBB99C9ADA1D64C","timestamp":1760244060}
{"remoteJid":"6285836882091@s.whatsapp.net","id":"A59215130D73881938953702847E3907","timestamp":1760244061}
{"remoteJid":"6285836882091@s.whatsapp.net","id":"A56B694891F2293E82A5BBD9D6194256","timestamp":1760244061}
{"remoteJid":"6285836882091@s.whatsapp.net","id":"A596B867EF694760D9749A431B0A0ED9","timestamp":1760244061}
{"remoteJid":"6285836882091@s.whatsapp.net","id":"A5196D11AAE514CAF6F8853D0978F9D5","timestamp":1760244061}
{"remoteJid":"6285836882091@s.whatsapp.net","id":"A5DE3F35410A6B784FBF8B8B92BEE969","timestamp":1760244062}
{"remoteJid":"6285647904479@s.whatsapp.net","id":"A5A81009C52CAA86DB493DC21851DA60","timestamp":1760244161}
{"remoteJid":"6285647904479@s.whatsapp.net","id":"A5566328AA47FE0FB760B6B5A815DA27","timestamp":1760244193}
{"remoteJid":"6285647904479@s.whatsapp.net","id":"A5ED0AA2D2078E5CE765C33694AF87D5","timestamp":1760244463}
{"remoteJid":"6285647904479@s.whatsapp.net","id":"A5E115B79C71EF788584B1895EB1839F","timestamp":1760244477}
{"remoteJid":"6285647904479@s.whatsapp.net","id":"A520AAC2E31E77B4E4AF579C3B29527C","timestamp":1760244806}
{"remoteJid":"6285647904479@s.whatsapp.net","id":"A55F3EDB8D3D4BFAA0E81E6639B626E7","timestamp":1760244824}
{"remoteJid":"62895328538738@s.whatsapp.net","id":"A5A9D250493495D11223DD2A488FCA78","timestamp":1760245679}
{"remoteJid":"62895328538738@s.whatsapp.net","id":"A5F1CB8B445A64351B6ABF61C3E5E61C","timestamp":1760245679}
{"remoteJid":"62895328538738@s.whatsapp.net","id":"A5161F762483C4C4F904B4469AD6D160","timestamp":1760245679}
{"remoteJid":"62895328538738@s.whatsapp.net","id":"A5530135FEE3FD14A28ABF4FA48B0117","timestamp":1760245679}
{"remoteJid":"62895328538738@s.whatsapp.net","id":"A505E44F5117E4F3366202298C26130E","timestamp":1760245679}
{"remoteJid":"62895328538738@s.whatsapp.net","id":"A54F7CB359F47B5FEAFCA9817896BADE","timestamp":1760245680}
{"remoteJid":"62895328538738@s.whatsapp.net","id":"A52F1DCDBF4A0EFDE3951D22307A3D11","timestamp":1760245681}
{"remoteJid":"6285647904479@s.whatsapp.net","id":"A5D3B4CEB9FE147A5C39A41F589CB5B0","timestamp":1760245713}
{"remoteJid":"6285187868523@s.whatsapp.net","id":"A5850916F1024A0824C83F731EED6FAB","timestamp":1760247774}
{"remoteJid":"6285187868523@s.whatsapp.net","id":"A58B1A157F0E49D0B8979E679CD4B970","timestamp":1760247774}
{"remoteJid":"6285187868523@s.whatsapp.net","id":"A54F79A5920DF88BF727C2AE9630AA39","timestamp":1760247774}
{"remoteJid":"6285187868523@s.whatsapp.net","id":"A5A46E7721706C0FE1FA60AAE2E4281A","timestamp":1760247774}
{"remoteJid":"6285187868523@s.whatsapp.net","id":"A5C5FEA850602737B011EAE3510131F1","timestamp":1760247774}
{"remoteJid":"6285187868523@s.whatsapp.net","id":"A5200BD56CE0E60F0BE01BC9C3BFEC87","timestamp":1760247774}
{"remoteJid":"6285187868523@s.whatsapp.net","id":"A52819A1006E5CD30CEA652C4735A78E","timestamp":1760247778}
{"remoteJid":"6285647904479@s.whatsapp.net","id":"A50991E1C3CCC37D01988B63844CE6C5","timestamp":1760247806}
{"remoteJid":"6285647904479@s.whatsapp.net","id":"A52095B79541802E4B96B8F15BBB1CD4","timestamp":1760247838}
{"remoteJid":"6285647904479@s.whatsapp.net","id":"A5E0361648EA3AC4373AD54E43C29781","timestamp":1760248896}
{"remoteJid":"6285647904479@s.whatsapp.net","id":"A54040D5411AF1F25D021405C4C6BA8A","timestamp":1760249041}
{"remoteJid":"6285647904479@s.whatsapp.net","id":"A54C2D5495E7AD3D86C673D5EB5A132A","timestamp":1760249043}
{"remoteJid":"6285187868523@s.whatsapp.net","id":"AC30B74002AD2720D03C67C1E862020F","timestamp":1760253144}
{"remoteJid":"6285187868523@s.whatsapp.net","id":"ACBE191371F813A5D1C17B261ACF8A7B","timestamp":1760253146}
{"remoteJid":"6285647904479@s.whatsapp.net","id":"A58A7AC4A3B1053233EEC12AE5882887","timestamp":1760253155}
{"remoteJid":"6285187868523@s.whatsapp.net","id":"ACE1001E003707F8753CF04269F23597","timestamp":1760253185}
{"remoteJid":"6285647904479@s.whatsapp.net","id":"A532A955E062A2B2A03A8188CBED1C31","timestamp":1760253195}
{"remoteJid":"6285187868523@s.whatsapp.net","id":"ACC4AC839E5D3B19BB5890C0D83A6ECD","timestamp":1760253293}
{"remoteJid":"6285187868523@s.whatsapp.net","id":"AC48CEAC8F92FE24688902181B50C0A4","timestamp":1760253309}
{"remoteJid":"6285187868523@s.whatsapp.net","id":"ACCF038C8AA53CD8ABA2E051C8C14D27","timestamp":1760253333}
{"remoteJid":"6285187868523@s.whatsapp.net","id":"AC5C0D724EFB58D800BBB7F7CD001E9E","timestamp":1760253340}
{"remoteJid":"6285647904479@s.whatsapp.net","id":"A5232870D92DFCF3386168CC4D3422CF","timestamp":1760253351}
{"remoteJid":"6285187868523@s.whatsapp.net","id":"AC9FAC409181F55487CD184D49A29B84","timestamp":1760253433}
{"remoteJid":"6285187868523@s.whatsapp.net","id":"ACEFDA9CEDC45504BD12BD92F30A1D9E","timestamp":1760253440}
{"remoteJid":"6285647904479@s.whatsapp.net","id":"A5CDF208B7467DF1A9ECB7ACBD36A8D7","timestamp":1760253506}
{"remoteJid":"6285187868523@s.whatsapp.net","id":"AC70EA10D535EE5BF6D944DFCAD8EFFA","timestamp":1760253971}
{"remoteJid":"6285187868523@s.whatsapp.net","id":"ACD2C824A5578D013138DD4385BCEF74","timestamp":1760253983}
{"remoteJid":"6285187868523@s.whatsapp.net","id":"AC964EDC53B941A540FB65631EED2D48","timestamp":1760254021}
{"remoteJid":"6285187868523@s.whatsapp.net","id":"ACFE86ABAD8EEDCED0A79277016CE82B","timestamp":1760254050}
{"remoteJid":"6285187868523@s.whatsapp.net","id":"AC697AD73CF13D9E6BA948EB85119532","timestamp":1760254076}
{"remoteJid":"6285187868523@s.whatsapp.net","id":"AC67EFE181B3DA09E5EBE7F45E76A140","timestamp":1760254089}
{"remoteJid":"6285187868523@s.whatsapp.net","id":"AC6F96ECB2A62F488031898473D51F32","timestamp":1760254098}
{"remoteJid":"6285187868523@s.whatsapp.net","id":"ACCE434268216CCC625688289068910F","timestamp":1760254168}
{"remoteJid":"6285647904479@s.whatsapp.net","id":"A53147EC2103EB74EF3CDBAEBDE65F61","timestamp":1760254427}
{"remoteJid":"6285647904479@s.whatsapp.net","id":"A5FD345D678160AA303E3FF3F32AD532","timestamp":1760254439}
{"remoteJid":"6285187868523@s.whatsapp.net","id":"AC45FB393A6A078F84CCAFD5B41A6881","timestamp":1760256023}
{"remoteJid":"6285187868523@s.whatsapp.net","id":"ACFCC130F181416192EE652E188C8F2E","timestamp":1760256040}
{"remoteJid":"62895328538738@s.whatsapp.net","id":"ACE61B899A88CECA8FFE874559CA17B6","timestamp":1760256056}
{"remoteJid":"6285647904479@s.whatsapp.net","id":"A523DD349B990536958E6C1C63D047F5","timestamp":1760256079}
{"remoteJid":"6285187868523@s.whatsapp.net","id":"AC822B9B22B09F4F13EDA4C592809D1C","timestamp":1760256298}
{"remoteJid":"6285647904479@s.whatsapp.net","id":"A5E8EF0CD8B47F300185F6D314F12C49","timestamp":1760256315}
{"remoteJid":"62881027320682@s.whatsapp.net","id":"AC664C929DAD7E7DF602A1DE32680E28","timestamp":1760256329}
{"remoteJid":"6285647904479@s.whatsapp.net","id":"A5D473F37C24AA94810A4A3DC7432051","timestamp":1760256364}
{"remoteJid":"6285187868523@s.whatsapp.net","id":"AC277B6739D17385D96846D3949CA0B1","timestamp":1760256368}
{"remoteJid":"62881027320682@s.whatsapp.net","id":"ACC687D3E32433D0052C070A0B4E97C5","timestamp":1760257977}
{"remoteJid":"62881027320682@s.whatsapp.net","id":"AC1D8C46BCE13BD0C220C233792A7B5D","timestamp":1760258250}
{"remoteJid":"62881027320682@s.whatsapp.net","id":"AC44577F662AC964B8E78A5B68E7A014","timestamp":1760258259}
{"remoteJid":"62881027320682@s.whatsapp.net","id":"AC1205055331333A32E76D1B8A5A0F63","timestamp":1760258527}
{"remoteJid":"62881027320682@s.whatsapp.net","id":"AC8342EB7DAEBA5A30DF8B67649D4258","timestamp":1760258557}
{"remoteJid":"62881027320682@s.whatsapp.net","id":"AC7BB7E9A60F1DD0963BBAFF5A52EF99","timestamp":1760258591}
{"remoteJid":"62881027320682@s.whatsapp.net","id":"ACE7423B935937D0E28742EED2D319EF","timestamp":1760258622}
{"remoteJid":"62881027320682@s.whatsapp.net","id":"ACEC50F10E5FAC9C96B4E6AA8EFF7FA0","timestamp":1760258674}
{"remoteJid":"6285187868523@s.whatsapp.net","id":"AC8C81B84307C6E5359ECC403866DC5D","timestamp":1760258705}
{"remoteJid":"6285647904479@s.whatsapp.net","id":"A5D173E64DBCC3A76352E8ADA9907D68","timestamp":1760258754}
{"remoteJid":"6285647904479@s.whatsapp.net","id":"A5D173E64DBCC3A76352E8ADA9907D68","timestamp":1760258755}
{"remoteJid":"6285187868523@s.whatsapp.net","id":"ACFE30D76CCD4FC64E7EFCF4B526C4F4","timestamp":1760258796}
{"remoteJid":"62881027320682@s.whatsapp.net","id":"AC6BA0B6310EA70B870BF1C92ECBFCBD","timestamp":1760258820}
{"remoteJid":"62881027320682@s.whatsapp.net","id":"AC61291AD5428746807C1B6E024C6D87","timestamp":1760259283}
{"remoteJid":"6285187868523@s.whatsapp.net","id":"AC552B7BD36D797911508DA9F48C7986","timestamp":1760259306}
{"remoteJid":"6281244508535@s.whatsapp.net","id":"AC009A6316FD8F09E5B46F71140617B7","timestamp":1760259747}
{"remoteJid":"62881027320682@s.whatsapp.net","id":"ACD1B4F477C18B500ACC95081E3F5C95","timestamp":1760260240}
{"remoteJid":"62881027320682@s.whatsapp.net","id":"ACEABCEE63210876D16B5E09E75F4936","timestamp":1760260574}
{"remoteJid":"6285187868523@s.whatsapp.net","id":"ACE62C46480E24ADCAEF36589962939D","timestamp":1760260850}
{"remoteJid":"6285187868523@s.whatsapp.net","id":"AC9B52304DA3CAB7391BD3F77F1FE831","timestamp":1760261027}
{"remoteJid":"62881027320682@s.whatsapp.net","id":"AC3DA16E83259E17A686B1ACEB7E868B","timestamp":1760261047}
{"remoteJid":"6285187868523@s.whatsapp.net","id":"AC57E1BEFFE0F70881101833E13F7B00","timestamp":1760261410}
{"remoteJid":"62881027320682@s.whatsapp.net","id":"AC2A26593AC8DB2DDC959A203EF5B1FE","timestamp":1760261430}
{"remoteJid":"62881027320682@s.whatsapp.net","id":"AC431A9F8CB6D99C4C40815E2E78A294","timestamp":1760262148}
{"remoteJid":"6285187868523@s.whatsapp.net","id":"ACD17C8C6DF96CCF9E4A4072AB979DBA","timestamp":1760262168}
{"remoteJid":"6285187868523@s.whatsapp.net","id":"AC4FCD1F561132A8ACA6BA002536F80A","timestamp":1760262536}
{"remoteJid":"62881027320682@s.whatsapp.net","id":"AC268D7DBE17B4D1A062B210F19CDA51","timestamp":1760262570}
{"remoteJid":"15517868400@s.whatsapp.net","id":"ACA5179C035891F750910B1ABCBA2C37","timestamp":1760266721}
{"remoteJid":"15517868400@s.whatsapp.net","id":"ACA5179C035891F750910B1ABCBA2C37","timestamp":1760266722}
{"remoteJid":"15517868400@s.whatsapp.net","id":"ACA5179C035891F750910B1ABCBA2C37","timestamp":1760266723}
{"remoteJid":"6285647904479@s.whatsapp.net","id":"ACCF661E56C53FB31E3172B9CD05A1AF","timestamp":1760271177}
{"remoteJid":"6285647904479@s.whatsapp.net","id":"ACE476EBD9145B0E5FAF33031488C36B","timestamp":1760271178}
{"remoteJid":"6285647904479@s.whatsapp.net","id":"AC619647ACF10499F6315CE954BFFEE7","timestamp":1760271179}
{"remoteJid":"6285647904479@s.whatsapp.net","id":"AC19545645272E88C545639C5C752832","timestamp":1760271179}
{"remoteJid":"6285647904479@s.whatsapp.net","id":"AC1BAB201A186D9A004EE5F0E6A077ED","timestamp":1760271179}
{"remoteJid":"6285647904479@s.whatsapp.net","id":"AC6FDC898FE4465A0C22A97E8A730D55","timestamp":1760271180}
{"remoteJid":"6285647904479@s.whatsapp.net","id":"AC1197A208107700DCFFDC810A30386A","timestamp":1760271187}
{"remoteJid":"6285647904479@s.whatsapp.net","id":"AC5BE976AF575156C9AD29087FE9A3F7","timestamp":1760271192}
{"remoteJid":"6285647904479@s.whatsapp.net","id":"ACA2BB95810E9BA0B92D600B3BE70DBF","timestamp":1760271198}
{"remoteJid":"6285647904479@s.whatsapp.net","id":"ACE44796CAF4884C6B6C59DA780DDC31","timestamp":1760271208}
{"remoteJid":"6285647904479@s.whatsapp.net","id":"AC8FC410B783EAE8285E6EF94A9E51FA","timestamp":1760271220}
{"remoteJid":"6285647904479@s.whatsapp.net","id":"AC5AF2F4913EB98CD556EFCC379F9D72","timestamp":1760271226}
{"remoteJid":"6285647904479@s.whatsapp.net","id":"AC87CDDE7E465F3BB594AA8647739AC8","timestamp":1760271230}
{"remoteJid":"6285647904479@s.whatsapp.net","id":"AC9397CA132B2CAD877901E5D0C34E4E","timestamp":1760271231}
{"remoteJid":"6285647904479@s.whatsapp.net","id":"ACE83204D16DF33989C66950ED714C3C","timestamp":1760272187}
{"remoteJid":"6285647904479@s.whatsapp.net","id":"AC37D1F44C80A2F9E1A32337E7181632","timestamp":1760272187}
{"remoteJid":"6285647904479@s.whatsapp.net","id":"AC18A349FA7726DBD75FE45DFA9A2C98","timestamp":1760272189}
{"remoteJid":"6285647904479@s.whatsapp.net","id":"ACC109A9EE25F142E87DAC875EABC7FE","timestamp":1760272189}
{"remoteJid":"6285647904479@s.whatsapp.net","id":"AC61577A4759BED0943B7E9E250F0047","timestamp":1760272189}
{"remoteJid":"6285647904479@s.whatsapp.net","id":"AC8180FC0488ACCA434D7FB05BB6D72C","timestamp":1760272189}
{"remoteJid":"6285647904479@s.whatsapp.net","id":"AC3B534648B454750DD0EEBBC54A8468","timestamp":1760272195}
{"remoteJid":"6285647904479@s.whatsapp.net","id":"AC68F71FA5F7AB3FF213A960212551B9","timestamp":1760272200}
{"remoteJid":"6285647904479@s.whatsapp.net","id":"ACC5D217919C0A72EF133BEF5763B5AE","timestamp":1760272204}
{"remoteJid":"6285647904479@s.whatsapp.net","id":"AC14C0BA76ABA16F7D9A7ADF95CC7A1A","timestamp":1760272208}
{"remoteJid":"6285647904479@s.whatsapp.net","id":"AC791AF526F7ADBF41DCEA55773175F6","timestamp":1760272211}
{"remoteJid":"6285647904479@s.whatsapp.net","id":"AC7B72B1E62486B91405C4A0102144C9","timestamp":1760272217}
{"remoteJid":"6285647904479@s.whatsapp.net","id":"AC77166D2246144B1BE703020A6C1808","timestamp":1760272223}
{"remoteJid":"6285647904479@s.whatsapp.net","id":"AC073410F23637698A35058E56240716","timestamp":1760272226}
{"remoteJid":"6285863571494@s.whatsapp.net","id":"A5B747EDC32F0126A58AF0E08C45BA3D","timestamp":1760275815}
{"remoteJid":"6285863571494@s.whatsapp.net","id":"A5CABC6D8620C388D90702A4B11269B7","timestamp":1760275815}
{"remoteJid":"6285863571494@s.whatsapp.net","id":"A5834A9A1DCC03E8F3CE0CF279AA2CF7","timestamp":1760275815}
{"remoteJid":"6285863571494@s.whatsapp.net","id":"A5628A2F4B1D59617438E13D6F9DA76C","timestamp":1760275815}
{"remoteJid":"6285863571494@s.whatsapp.net","id":"A5E80544224D6C66392694E44F89ECFB","timestamp":1760275815}
{"remoteJid":"6285863571494@s.whatsapp.net","id":"A5AB8F3A27D3B0AD677EB92C57609E2D","timestamp":1760275815}
{"remoteJid":"6285863571494@s.whatsapp.net","id":"A5E0451DB23D1035CCE8AE63E22725AA","timestamp":1760275818}
{"remoteJid":"6283175999290@s.whatsapp.net","id":"A518D6F59881332232195388B453BB26","timestamp":1760275852}
{"remoteJid":"6283175999290@s.whatsapp.net","id":"A5C5AD794D627BC1F0D539928D3426B5","timestamp":1760275852}
{"remoteJid":"6283175999290@s.whatsapp.net","id":"A559B65D04255903DA5034C620C78CDE","timestamp":1760275852}
{"remoteJid":"6283175999290@s.whatsapp.net","id":"A5626B7BDBC92C9AFD51684D45063660","timestamp":1760275852}
{"remoteJid":"6283175999290@s.whatsapp.net","id":"A53402DEDD645E589107DA00643665A5","timestamp":1760275852}
{"remoteJid":"6283175999290@s.whatsapp.net","id":"A53369B1600F41CAE6C99380CEC4F7A6","timestamp":1760275853}
{"remoteJid":"6283175999290@s.whatsapp.net","id":"A5EE4C0796D3724B5F25CA0016398879","timestamp":1760275855}
{"remoteJid":"972553090200@s.whatsapp.net","id":"A5BAC3E61EBAF6F7967319D454629E5F","timestamp":1760275918}
{"remoteJid":"972553090200@s.whatsapp.net","id":"A55AF24E6154270631F47350485F605C","timestamp":1760275918}
{"remoteJid":"972553090200@s.whatsapp.net","id":"A5A1AE68072C2379015BFEAE8022B0B5","timestamp":1760275918}
{"remoteJid":"972553090200@s.whatsapp.net","id":"A53C7388FA13D4CE8D726D9A0E673B02","timestamp":1760275918}
{"remoteJid":"972553090200@s.whatsapp.net","id":"A53B38DD265D9387919E73A6B13B3753","timestamp":1760275918}
{"remoteJid":"972553090200@s.whatsapp.net","id":"A5C2AC6F3716131CEF333C5C1A5101AB","timestamp":1760275918}
{"remoteJid":"972553090200@s.whatsapp.net","id":"A5E88505D40BAE02592BBDE47B553337","timestamp":1760275920}
{"remoteJid":"972553090200@s.whatsapp.net","id":"A576E879D7C4508F21CA65C5F92BEABD","timestamp":1760275920}
{"remoteJid":"972546849506@s.whatsapp.net","id":"A509AFF6F106E13EC05F4A62F905EDD4","timestamp":1760275954}
{"remoteJid":"972546849506@s.whatsapp.net","id":"A588DD76CBD665270458692E956E9C08","timestamp":1760275954}
{"remoteJid":"972546849506@s.whatsapp.net","id":"A57F0E5D55D8D9ADCC37973C74096ABF","timestamp":1760275954}
{"remoteJid":"972546849506@s.whatsapp.net","id":"A56030E29D85C4A2928CAC448DA89860","timestamp":1760275954}
{"remoteJid":"972546849506@s.whatsapp.net","id":"A5ECDD0375CFA1DA25B1D05255C6903C","timestamp":1760275954}
{"remoteJid":"972546849506@s.whatsapp.net","id":"A587B6740A4A5B7704121B8750D23DB0","timestamp":1760275954}
{"remoteJid":"972546849506@s.whatsapp.net","id":"A520C29F60A91640BA85D6CAD5039402","timestamp":1760275955}
{"remoteJid":"972546849506@s.whatsapp.net","id":"A589903030DB81F0E3DE7E5F0247D390","timestamp":1760275956}
{"remoteJid":"972552514833@s.whatsapp.net","id":"A5D0285074FFCA38851A0F0644BFB31E","timestamp":1760275995}
{"remoteJid":"972552514833@s.whatsapp.net","id":"A56719EC8B2199E1215C42E632C2B9FC","timestamp":1760275995}
{"remoteJid":"972552514833@s.whatsapp.net","id":"A521334289DDA2F2A1E80CBB7298B51A","timestamp":1760275995}
{"remoteJid":"972552514833@s.whatsapp.net","id":"A5C032A6DB9B23BFA184127AB92062EA","timestamp":1760275995}
{"remoteJid":"972552514833@s.whatsapp.net","id":"A56A31F7EE85669EA1947E187ADE696F","timestamp":1760275996}
{"remoteJid":"972552514833@s.whatsapp.net","id":"A5FCC9EB2EC630FE856AC87BC0F9498A","timestamp":1760275996}
{"remoteJid":"972552514833@s.whatsapp.net","id":"A52B72F54E42A597245F70A22E9E0D14","timestamp":1760275998}
{"remoteJid":"972552514833@s.whatsapp.net","id":"A5FBEE02C6E731D3DA04532E6CC7193E","timestamp":1760275998}
{"remoteJid":"972537009378@s.whatsapp.net","id":"A5B98949245F732E5A3C3400600DE64D","timestamp":1760276035}
{"remoteJid":"972537009378@s.whatsapp.net","id":"A542B815A13F13BC416D6EBC074962D9","timestamp":1760276035}
{"remoteJid":"972537009378@s.whatsapp.net","id":"A5A58BFB4309B3B6C0D8D7E33EAFFE8F","timestamp":1760276035}
{"remoteJid":"972537009378@s.whatsapp.net","id":"A5997DE60E5FEF77E6DE35BD7504DAF0","timestamp":1760276035}
{"remoteJid":"972537009378@s.whatsapp.net","id":"A5E7E6437B9DB516734A1E3AB3EE18D9","timestamp":1760276035}
{"remoteJid":"972537009378@s.whatsapp.net","id":"A5588FF9AE590CAEE66EB22A0D826B38","timestamp":1760276035}
{"remoteJid":"972537009378@s.whatsapp.net","id":"A5A11CB9FB237BB3F978CE54CA436FE3","timestamp":1760276037}
{"remoteJid":"6285831702311@s.whatsapp.net","id":"A5B453C48E3992F6F08DAEEC580DCD0D","timestamp":1760276077}
{"remoteJid":"6285831702311@s.whatsapp.net","id":"A5A628A634F7DC6351AFFA5B46C5DA82","timestamp":1760276077}
{"remoteJid":"6285831702311@s.whatsapp.net","id":"A55A561363D3830B9EEDD0F1F6CBF32E","timestamp":1760276077}
{"remoteJid":"6285831702311@s.whatsapp.net","id":"A5A5536699207072FC37726AAEB6B872","timestamp":1760276077}
{"remoteJid":"6285831702311@s.whatsapp.net","id":"A54E3544084A7E21E74C8E154A002903","timestamp":1760276077}
{"remoteJid":"6285831702311@s.whatsapp.net","id":"A548BA132E45EFBC3DD527E236D4CBEB","timestamp":1760276077}
{"remoteJid":"6285831702311@s.whatsapp.net","id":"A569FA7B02F530E04D0BCB67DFF969D6","timestamp":1760276079}
{"remoteJid":"62881027320682@s.whatsapp.net","id":"A514FC58967CD3612368907F686DAFDA","timestamp":1760276867}
{"remoteJid":"62881027320682@s.whatsapp.net","id":"A56CA7EF1B0EB5F117B3B6A9EE1D63AE","timestamp":1760276867}
{"remoteJid":"62881027320682@s.whatsapp.net","id":"A54FB1F430151088A8A36BAE1592B235","timestamp":1760276867}
{"remoteJid":"62881027320682@s.whatsapp.net","id":"A5CB15F3FEB6DC66BAF7094FE5AF2C5D","timestamp":1760276867}
{"remoteJid":"62881027320682@s.whatsapp.net","id":"A580DB02F93465210F606DE9C7A9D5DB","timestamp":1760276867}
{"remoteJid":"62881027320682@s.whatsapp.net","id":"A55DE5CBFD775469902F71C58132A4B5","timestamp":1760276868}
{"remoteJid":"62881027320682@s.whatsapp.net","id":"A5627EFC72E1B8C18BC5F0F939254D7E","timestamp":1760276870}
{"remoteJid":"6285647904479@s.whatsapp.net","id":"ACB31797740E8B546E083BD4F289FD73","timestamp":1760279863}
{"remoteJid":"6285647904479@s.whatsapp.net","id":"AC51B95A451E01A3CDAD1C040C32DD2E","timestamp":1760279864}
{"remoteJid":"6285647904479@s.whatsapp.net","id":"AC1E0A81C23BA25E59F4B392D92A223F","timestamp":1760279865}
{"remoteJid":"6285647904479@s.whatsapp.net","id":"ACD5C517B8CC360D62D65A3DA2E017A5","timestamp":1760279865}
{"remoteJid":"6285647904479@s.whatsapp.net","id":"AC1C4008714B0CE4584FDB036CAD9FFC","timestamp":1760279865}
{"remoteJid":"6285647904479@s.whatsapp.net","id":"ACC646C0B5098C51B7920732E1CA7C66","timestamp":1760279865}
{"remoteJid":"6285647904479@s.whatsapp.net","id":"ACC1AC32CDFDD23955C8A2CD06EA0306","timestamp":1760279874}
{"remoteJid":"6285647904479@s.whatsapp.net","id":"AC08AC5D4C5909639D040514B930ACE0","timestamp":1760279882}
{"remoteJid":"6285647904479@s.whatsapp.net","id":"AC4C48AB0AF012B9EE0F56E68E8DF83D","timestamp":1760279897}
{"remoteJid":"6285647904479@s.whatsapp.net","id":"ACB526D6EBB6791330F29E5F74EBB190","timestamp":1760279915}
{"remoteJid":"6285647904479@s.whatsapp.net","id":"AC001E9D2189E762FA86A889EA21DC28","timestamp":1760279920}
{"remoteJid":"6285647904479@s.whatsapp.net","id":"ACCDAC0D9E1DBBEC37819EFE6FDA450E","timestamp":1760279934}
{"remoteJid":"6285647904479@s.whatsapp.net","id":"AC6CF220CF0A11DAAF023CAE1D099830","timestamp":1760279944}
{"remoteJid":"6285647904479@s.whatsapp.net","id":"AC48E82BCE795F3A61A5CE359B1AF1F4","timestamp":1760279948}
{"remoteJid":"6285647904479@s.whatsapp.net","id":"AC9EDD06AAB65CE4CE033E964ABBC691","timestamp":1760280170}
{"remoteJid":"6285647904479@s.whatsapp.net","id":"ACF1661533FA3259E5A42A62789E67A0","timestamp":1760280170}
{"remoteJid":"6285647904479@s.whatsapp.net","id":"AC7D0B0D77EEB8C74889BA6C4B7B93B3","timestamp":1760280172}
{"remoteJid":"6285647904479@s.whatsapp.net","id":"AC54D405E45A17E355AE3AFBECC78BA5","timestamp":1760280172}
{"remoteJid":"6285647904479@s.whatsapp.net","id":"ACA8473C3283B88FFE2474138C0233DD","timestamp":1760280172}
{"remoteJid":"6285647904479@s.whatsapp.net","id":"ACA5AC5482F07C7FDC3CF003D3DB6C3E","timestamp":1760280172}
{"remoteJid":"6285647904479@s.whatsapp.net","id":"AC698EB262EDB02674042146E757E8E4","timestamp":1760280180}
{"remoteJid":"6285647904479@s.whatsapp.net","id":"ACD25ACD7CEACE3B5B11CFC7D3D07429","timestamp":1760280185}
{"remoteJid":"6285647904479@s.whatsapp.net","id":"AC5548E2654787EC9B7AB7C98EA41D6A","timestamp":1760280190}
{"remoteJid":"6285647904479@s.whatsapp.net","id":"AC48D5AF73218E0C155C50CABF8E0779","timestamp":1760280202}
{"remoteJid":"6285647904479@s.whatsapp.net","id":"AC36841A6AA724800FB79916F2CFEDAA","timestamp":1760280215}
{"remoteJid":"6285647904479@s.whatsapp.net","id":"AC6C1DA4665EA40E8FA112840EA86A8B","timestamp":1760280228}
{"remoteJid":"6285647904479@s.whatsapp.net","id":"ACE5EF0B5EAEFE3B8390C18B9542D0E5","timestamp":1760280236}
{"remoteJid":"6285647904479@s.whatsapp.net","id":"AC75ED0AEF6236EC3786986E45D0FB2F","timestamp":1760280239}
{"remoteJid":"6285647904479@s.whatsapp.net","id":"AC71A33DAF03EFAEF5F6FED78FF1D76A","timestamp":1760280405}
{"remoteJid":"6285647904479@s.whatsapp.net","id":"ACD2840ECDCBAAA63F138228135C0C08","timestamp":1760280405}
{"remoteJid":"6285647904479@s.whatsapp.net","id":"AC78F3642B2ADF2737E740E50D05B74C","timestamp":1760280406}
{"remoteJid":"6285647904479@s.whatsapp.net","id":"ACE6E96AAC0B1FC909729F4D9A72E30E","timestamp":1760280406}
{"remoteJid":"6285647904479@s.whatsapp.net","id":"AC79CE478F46E84499198E566D3057C1","timestamp":1760280407}
{"remoteJid":"6285647904479@s.whatsapp.net","id":"AC356CF2B2480942C70F62AE6682D62A","timestamp":1760280407}
{"remoteJid":"6285647904479@s.whatsapp.net","id":"AC260BD4CFEB14F9A5A9E472B0E739CF","timestamp":1760280413}
{"remoteJid":"6285647904479@s.whatsapp.net","id":"AC850316F432B88864387EBC23CEF4F0","timestamp":1760280418}
{"remoteJid":"6285647904479@s.whatsapp.net","id":"AC72303B7ECBD48F3DD86FF47BA3E60F","timestamp":1760280421}
{"remoteJid":"6285647904479@s.whatsapp.net","id":"ACD6C57998C419A9A339B35AC78340D9","timestamp":1760280425}
{"remoteJid":"6285647904479@s.whatsapp.net","id":"AC3FCF39633961BB6301797C7F9E72D3","timestamp":1760280430}
{"remoteJid":"6285647904479@s.whatsapp.net","id":"ACFFEBC2902CB2BD5F194017BA62F4E4","timestamp":1760280433}
{"remoteJid":"6285647904479@s.whatsapp.net","id":"AC004A539374990321BE045ABA374F32","timestamp":1760280436}
{"remoteJid":"6285647904479@s.whatsapp.net","id":"AC14AFF1E86F2888556AEE0612F1D8E8","timestamp":1760280438}
